<?xml version="1.0" encoding="UTF-8"?>
<!-- Generated by org.testng.reporters.JUnitReportReporter -->
<testsuite hostname="DESKTOP-JM9CPFD" failures="0" tests="1" name="testt.Testregister" time="10.137" errors="0" timestamp="2024-08-19T10:59:28 IST" skipped="0">
  <testcase classname="testt.Testregister" name="test1" time="10.137"/>
</testsuite> <!-- testt.Testregister -->
