<?xml version="1.0" encoding="UTF-8"?>
<!-- Generated by org.testng.reporters.JUnitReportReporter -->
<testsuite hostname="DESKTOP-JM9CPFD" failures="0" tests="1" name="test.Login" time="9.776" errors="0" timestamp="2024-08-15T15:02:33 IST" skipped="0">
  <testcase classname="test.Login" name="test1" time="9.776"/>
</testsuite> <!-- test.Login -->
