<?xml version="1.0" encoding="UTF-8"?>
<!-- Generated by org.testng.reporters.JUnitReportReporter -->
<testsuite hostname="DESKTOP-JM9CPFD" failures="0" tests="1" name="testt.Screenshot" time="3.994" errors="0" timestamp="2024-08-27T19:30:52 IST" skipped="0">
  <testcase classname="testt.Screenshot" name="test" time="3.994"/>
</testsuite> <!-- testt.Screenshot -->
