<?xml version="1.0" encoding="UTF-8"?>
<!-- Generated by org.testng.reporters.JUnitReportReporter -->
<testsuite hostname="DESKTOP-JM9CPFD" failures="0" tests="1" name="testt.Scrolldown" time="5.909" errors="0" timestamp="2024-08-19T12:14:33 IST" skipped="0">
  <testcase classname="testt.Scrolldown" name="test" time="5.909"/>
</testsuite> <!-- testt.Scrolldown -->
