<?xml version="1.0" encoding="UTF-8"?>
<!-- Generated by org.testng.reporters.JUnitReportReporter -->
<testsuite hostname="DESKTOP-JM9CPFD" failures="0" tests="1" name="testt.Search" time="10.008" errors="0" timestamp="2024-08-20T10:52:50 IST" skipped="0">
  <testcase classname="testt.Search" name="test" time="10.008"/>
</testsuite> <!-- testt.Search -->
