<?xml version="1.0" encoding="UTF-8"?>
<!-- Generated by org.testng.reporters.JUnitReportReporter -->
<testsuite hostname="DESKTOP-JM9CPFD" failures="0" tests="1" name="test.Createtest" time="5.943" errors="0" timestamp="2024-08-15T22:55:14 IST" skipped="0">
  <testcase classname="test.Createtest" name="test1" time="5.943"/>
</testsuite> <!-- test.Createtest -->
